This file contains any messages produced by compilers while
running configure, to aid debugging if configure makes a mistake.

It was created by SDL2_ttf configure 2.20.2, which was
generated by GNU Autoconf 2.69.  Invocation command line was

  $ ./configure 

## --------- ##
## Platform. ##
## --------- ##

hostname = Bean-Machine
uname -m = x86_64
uname -r = 5.15.90.1-bean-std-revised-edition+
uname -s = Linux
uname -v = #2 SMP Wed Feb 8 07:38:16 GMT 2023

/usr/bin/uname -p = x86_64
/bin/uname -X     = unknown

/bin/arch              = x86_64
/usr/bin/arch -k       = unknown
/usr/convex/getsysinfo = unknown
/usr/bin/hostinfo      = unknown
/bin/machine           = unknown
/usr/bin/oslevel       = unknown
/bin/universe          = unknown

PATH: /home/linuxbrew/.linuxbrew/bin
PATH: /home/linuxbrew/.linuxbrew/sbin
PATH: /usr/local/sbin
PATH: /usr/local/bin
PATH: /usr/sbin
PATH: /usr/bin
PATH: /sbin
PATH: /bin
PATH: /usr/games
PATH: /usr/local/games
PATH: /usr/lib/wsl/lib
PATH: /mnt/c/Program Files/Alacritty/
PATH: /mnt/c/Program Files (x86)/Common Files/Oracle/Java/javapath
PATH: /mnt/d/jdk-19.0.1/bin
PATH: /mnt/c/Program Files/NVIDIA GPU Computing Toolkit/CUDA/v11.7/bin
PATH: /mnt/c/Program Files/NVIDIA GPU Computing Toolkit/CUDA/v11.7/libnvvp
PATH: /mnt/c/Windows/system32
PATH: /mnt/c/Windows
PATH: /mnt/c/Windows/System32/Wbem
PATH: /mnt/c/Windows/System32/WindowsPowerShell/v1.0/
PATH: /mnt/c/Windows/System32/OpenSSH/
PATH: /mnt/c/Program Files/NVIDIA Corporation/NVIDIA NvDLISR
PATH: /mnt/c/Program Files/PuTTY/
PATH: /mnt/c/Program Files (x86)/NVIDIA Corporation/PhysX/Common
PATH: /mnt/c/Program Files/Microsoft SQL Server/150/Tools/Binn/
PATH: /mnt/c/Program Files/Git/cmd
PATH: /mnt/c/Program Files/nodejs/
PATH: /mnt/c/ProgramData/chocolatey/bin
PATH: /mnt/c/Program Files/dotnet/
PATH: /mnt/c/Users/camer/
PATH: /mnt/c/Program Files/NVIDIA Corporation/Nsight Compute 2022.2.0/
PATH: /mnt/c/Program Files (x86)/NVIDIA Corporation/DDS Utilities
PATH: /mnt/c/Program Files/Certbot/bin
PATH: /mnt/c/Program Files/CMake/bin
PATH: /mnt/c/Program Files/Docker/Docker/resources/bin
PATH: /mnt/c/ProgramData/DockerDesktop/version-bin
PATH: /mnt/c/Program Files (x86)/QuickTime/QTSystem/
PATH: /mnt/c/Program Files/Neovim/bin
PATH: /mnt/c/Program Files (x86)/Windows Kits/10/Windows Performance Toolkit/
PATH: /mnt/c/Users/camer/scoop/shims
PATH: /mnt/c/Users/camer/AppData/Local/Programs/Python/Python310/Scripts/
PATH: /mnt/c/Users/camer/AppData/Local/Programs/Python/Python310/
PATH: /mnt/c/Users/camer/AppData/Local/Microsoft/WindowsApps
PATH: /mnt/c/Users/camer/AppData/Local/Programs/Microsoft VS Code/bin
PATH: /mnt/c/Users/camer/AppData/Local/Programs/oh-my-posh/bin
PATH: /mnt/c/Users/camer/AppData/Roaming/npm
PATH: /mnt/c/Program Files/Sublime Text 3
PATH: /mnt/c/Users/camer/nvim-win64/bin
PATH: /mnt/c/Program Files/JetBrains/CLion 2022.2.1/bin
PATH: /mnt/c/Program Files/JetBrains/DataGrip 2022.2.2/bin
PATH: /mnt/c/Users/camer/.dotnet/tools
PATH: /mnt/c/Users/camer/3D Objects/btop4win/
PATH: /mnt/c/Users/camer/AppData/Local/GitHubDesktop/bin
PATH: /mnt/c/Program Files/Oracle/VirtualBox
PATH: /mnt/c/Users/camer/AppData/Local/JetBrains/Toolbox/scripts
PATH: /mnt/d/msys64/mingw64/bin
PATH: /mnt/c/Users/camer/AppData/Local/Google/Cloud SDK/google-cloud-sdk/bin
PATH: /snap/bin


## ----------- ##
## Core tests. ##
## ----------- ##

configure:2750: checking build system type
configure:2764: result: x86_64-pc-linux-gnu
configure:2784: checking host system type
configure:2797: result: x86_64-pc-linux-gnu
configure:2868: checking for gcc
configure:2884: found /usr/bin/gcc
configure:2895: result: gcc
configure:3124: checking for C compiler version
configure:3133: gcc --version >&5
gcc (Ubuntu 9.4.0-1ubuntu1~20.04.1) 9.4.0
Copyright (C) 2019 Free Software Foundation, Inc.
This is free software; see the source for copying conditions.  There is NO
warranty; not even for MERCHANTABILITY or FITNESS FOR A PARTICULAR PURPOSE.

configure:3144: $? = 0
configure:3133: gcc -v >&5
Using built-in specs.
COLLECT_GCC=gcc
COLLECT_LTO_WRAPPER=/usr/lib/gcc/x86_64-linux-gnu/9/lto-wrapper
OFFLOAD_TARGET_NAMES=nvptx-none:hsa
OFFLOAD_TARGET_DEFAULT=1
Target: x86_64-linux-gnu
Configured with: ../src/configure -v --with-pkgversion='Ubuntu 9.4.0-1ubuntu1~20.04.1' --with-bugurl=file:///usr/share/doc/gcc-9/README.Bugs --enable-languages=c,ada,c++,go,brig,d,fortran,objc,obj-c++,gm2 --prefix=/usr --with-gcc-major-version-only --program-suffix=-9 --program-prefix=x86_64-linux-gnu- --enable-shared --enable-linker-build-id --libexecdir=/usr/lib --without-included-gettext --enable-threads=posix --libdir=/usr/lib --enable-nls --enable-clocale=gnu --enable-libstdcxx-debug --enable-libstdcxx-time=yes --with-default-libstdcxx-abi=new --enable-gnu-unique-object --disable-vtable-verify --enable-plugin --enable-default-pie --with-system-zlib --with-target-system-zlib=auto --enable-objc-gc=auto --enable-multiarch --disable-werror --with-arch-32=i686 --with-abi=m64 --with-multilib-list=m32,m64,mx32 --enable-multilib --with-tune=generic --enable-offload-targets=nvptx-none=/build/gcc-9-Av3uEd/gcc-9-9.4.0/debian/tmp-nvptx/usr,hsa --without-cuda-driver --enable-checking=release --build=x86_64-linux-gnu --host=x86_64-linux-gnu --target=x86_64-linux-gnu
Thread model: posix
gcc version 9.4.0 (Ubuntu 9.4.0-1ubuntu1~20.04.1) 
configure:3144: $? = 0
configure:3133: gcc -V >&5
gcc: error: unrecognized command line option '-V'
gcc: fatal error: no input files
compilation terminated.
configure:3144: $? = 1
configure:3133: gcc -qversion >&5
gcc: error: unrecognized command line option '-qversion'; did you mean '--version'?
gcc: fatal error: no input files
compilation terminated.
configure:3144: $? = 1
configure:3164: checking whether the C compiler works
configure:3186: gcc    conftest.c  >&5
configure:3190: $? = 0
configure:3238: result: yes
configure:3241: checking for C compiler default output file name
configure:3243: result: a.out
configure:3249: checking for suffix of executables
configure:3256: gcc -o conftest    conftest.c  >&5
configure:3260: $? = 0
configure:3282: result: 
configure:3304: checking whether we are cross compiling
configure:3312: gcc -o conftest    conftest.c  >&5
configure:3316: $? = 0
configure:3323: ./conftest
configure:3327: $? = 0
configure:3315: result: no
configure:3320: checking for suffix of object files
configure:3342: gcc -c   conftest.c >&5
configure:3346: $? = 0
configure:3367: result: o
configure:3371: checking whether we are using the GNU C compiler
configure:3390: gcc -c   conftest.c >&5
configure:3390: $? = 0
configure:3399: result: yes
configure:3408: checking whether gcc accepts -g
configure:3428: gcc -c -g  conftest.c >&5
configure:3428: $? = 0
configure:3469: result: yes
configure:3486: checking for gcc option to accept ISO C89
configure:3549: gcc  -c -g -O2  conftest.c >&5
configure:3549: $? = 0
configure:3562: result: none needed
configure:3587: checking whether gcc understands -c and -o together
configure:3609: gcc -c conftest.c -o conftest2.o
configure:3612: $? = 0
configure:3609: gcc -c conftest.c -o conftest2.o
configure:3612: $? = 0
configure:3624: result: yes
configure:3641: checking for a sed that does not truncate output
configure:3705: result: /usr/bin/sed
configure:3723: checking for grep that handles long lines and -e
configure:3781: result: /usr/bin/grep
configure:3786: checking for egrep
configure:3848: result: /usr/bin/grep -E
configure:3853: checking for fgrep
configure:3915: result: /usr/bin/grep -F
configure:3950: checking for ld used by gcc
configure:4017: result: /usr/bin/ld
configure:4024: checking if the linker (/usr/bin/ld) is GNU ld
configure:4039: result: yes
configure:4051: checking for BSD- or MS-compatible name lister (nm)
configure:4100: result: /usr/bin/nm -B
configure:4218: checking the name lister (/usr/bin/nm -B) interface
configure:4256: gcc -c -g -O2  conftest.c >&5
configure:4259: /usr/bin/nm -B "conftest.o"
configure:4262: output
0000000000000000 B some_variable
configure:4232: result: BSD nm
configure:4235: checking whether ln -s works
configure:4239: result: yes
configure:4247: checking the maximum length of command line arguments
configure:4373: result: 1572864
configure:4390: checking whether the shell understands some XSI constructs
configure:4399: result: yes
configure:4403: checking whether the shell understands "+="
configure:4407: result: yes
configure:4442: checking for /usr/bin/ld option to reload object files
configure:4449: result: -r
configure:4518: checking for objdump
configure:4534: found /usr/bin/objdump
configure:4545: result: objdump
configure:4574: checking how to recognize dependent libraries
configure:4775: result: pass_all
configure:4835: checking for ar
configure:4851: found /usr/bin/ar
configure:4862: result: ar
configure:4940: checking for strip
configure:4956: found /usr/bin/strip
configure:4967: result: strip
configure:5039: checking for ranlib
configure:5055: found /usr/bin/ranlib
configure:5066: result: ranlib
configure:5156: checking command to parse /usr/bin/nm -B output from gcc object
configure:5274: gcc -c -g -O2  conftest.c >&5
configure:5277: $? = 0
configure:5281: /usr/bin/nm -B conftest.o \| sed -n -e 's/^.*[	 ]\([ABCDGIRSTW][ABCDGIRSTW]*\)[	 ][	 ]*\([_A-Za-z][_A-Za-z0-9]*\)$/\1 \2 \2/p' \> conftest.nm
configure:5284: $? = 0
configure:5338: gcc -o conftest -g -O2   conftest.c conftstm.o >&5
configure:5341: $? = 0
configure:5379: result: ok
configure:5475: gcc -c -g -O2  conftest.c >&5
configure:5478: $? = 0
configure:6186: checking how to run the C preprocessor
configure:6217: gcc -E  conftest.c
configure:6217: $? = 0
configure:6231: gcc -E  conftest.c
conftest.c:9:10: fatal error: ac_nonexistent.h: No such file or directory
    9 | #include <ac_nonexistent.h>
      |          ^~~~~~~~~~~~~~~~~~
compilation terminated.
configure:6231: $? = 1
configure: failed program was:
| /* confdefs.h */
| #define PACKAGE_NAME "SDL2_ttf"
| #define PACKAGE_TARNAME "SDL2_ttf"
| #define PACKAGE_VERSION "2.20.2"
| #define PACKAGE_STRING "SDL2_ttf 2.20.2"
| #define PACKAGE_BUGREPORT "https://github.com/libsdl-org/SDL_ttf/issues"
| #define PACKAGE_URL ""
| /* end confdefs.h.  */
| #include <ac_nonexistent.h>
configure:6256: result: gcc -E
configure:6276: gcc -E  conftest.c
configure:6276: $? = 0
configure:6290: gcc -E  conftest.c
conftest.c:9:10: fatal error: ac_nonexistent.h: No such file or directory
    9 | #include <ac_nonexistent.h>
      |          ^~~~~~~~~~~~~~~~~~
compilation terminated.
configure:6290: $? = 1
configure: failed program was:
| /* confdefs.h */
| #define PACKAGE_NAME "SDL2_ttf"
| #define PACKAGE_TARNAME "SDL2_ttf"
| #define PACKAGE_VERSION "2.20.2"
| #define PACKAGE_STRING "SDL2_ttf 2.20.2"
| #define PACKAGE_BUGREPORT "https://github.com/libsdl-org/SDL_ttf/issues"
| #define PACKAGE_URL ""
| /* end confdefs.h.  */
| #include <ac_nonexistent.h>
configure:6319: checking for ANSI C header files
configure:6339: gcc -c -g -O2  conftest.c >&5
configure:6339: $? = 0
configure:6412: gcc -o conftest -g -O2   conftest.c  >&5
configure:6412: $? = 0
configure:6412: ./conftest
configure:6412: $? = 0
configure:6423: result: yes
configure:6436: checking for sys/types.h
configure:6436: gcc -c -g -O2  conftest.c >&5
configure:6436: $? = 0
configure:6436: result: yes
configure:6436: checking for sys/stat.h
configure:6436: gcc -c -g -O2  conftest.c >&5
configure:6436: $? = 0
configure:6436: result: yes
configure:6436: checking for stdlib.h
configure:6436: gcc -c -g -O2  conftest.c >&5
configure:6436: $? = 0
configure:6436: result: yes
configure:6436: checking for string.h
configure:6436: gcc -c -g -O2  conftest.c >&5
configure:6436: $? = 0
configure:6436: result: yes
configure:6436: checking for memory.h
configure:6436: gcc -c -g -O2  conftest.c >&5
configure:6436: $? = 0
configure:6436: result: yes
configure:6436: checking for strings.h
configure:6436: gcc -c -g -O2  conftest.c >&5
configure:6436: $? = 0
configure:6436: result: yes
configure:6436: checking for inttypes.h
configure:6436: gcc -c -g -O2  conftest.c >&5
configure:6436: $? = 0
configure:6436: result: yes
configure:6436: checking for stdint.h
configure:6436: gcc -c -g -O2  conftest.c >&5
configure:6436: $? = 0
configure:6436: result: yes
configure:6436: checking for unistd.h
configure:6436: gcc -c -g -O2  conftest.c >&5
configure:6436: $? = 0
configure:6436: result: yes
configure:6450: checking for dlfcn.h
configure:6450: gcc -c -g -O2  conftest.c >&5
configure:6450: $? = 0
configure:6450: result: yes
configure:6932: checking for objdir
configure:6947: result: .libs
configure:7243: checking if gcc supports -fno-rtti -fno-exceptions
configure:7301: gcc -c -g -O2  -fno-rtti -fno-exceptions conftest.c >&5
cc1: warning: command line option '-fno-rtti' is valid for C++/D/ObjC++ but not for C
configure:7305: $? = 0
configure:7278: result: no
configure:7298: checking for gcc option to produce PIC
configure:7580: result: -fPIC -DPIC
configure:7592: checking if gcc PIC flag -fPIC -DPIC works
configure:7650: gcc -c -g -O2  -fPIC -DPIC -DPIC conftest.c >&5
configure:7654: $? = 0
configure:7627: result: yes
configure:7651: checking if gcc static flag -static works
configure:7679: result: yes
configure:7694: checking if gcc supports -c -o file.o
configure:7755: gcc -c -g -O2  -o out/conftest2.o conftest.c >&5
configure:7759: $? = 0
configure:7741: result: yes
configure:7749: checking if gcc supports -c -o file.o
configure:7796: result: yes
configure:7829: checking whether the gcc linker (/usr/bin/ld -m elf_x86_64) supports shared libraries
configure:8860: result: yes
configure:8897: checking whether -lc should be explicitly linked in
configure:8902: gcc -c -g -O2  conftest.c >&5
configure:8905: $? = 0
configure:8920: gcc -shared conftest.o  -v -Wl,-soname -Wl,conftest -o conftest 2\>\&1 \| /usr/bin/grep  -lc  \>/dev/null 2\>\&1
configure:8923: $? = 0
configure:8935: result: no
configure:9099: checking dynamic linker characteristics
configure:9530: gcc -o conftest -g -O2   -Wl,-rpath -Wl,/foo conftest.c  >&5
configure:9530: $? = 0
configure:9773: result: GNU/Linux ld.so
configure:9875: checking how to hardcode library paths into programs
configure:9900: result: immediate
configure:10420: checking whether stripping libraries is possible
configure:10425: result: yes
configure:10460: checking if libtool supports shared libraries
configure:10462: result: yes
configure:10465: checking whether to build shared libraries
configure:10486: result: yes
configure:10489: checking whether to build static libraries
configure:10493: result: yes
configure:7801: checking for a BSD-compatible install
configure:7869: result: /usr/bin/install -c
configure:7880: checking whether build environment is sane
configure:7935: result: yes
configure:8081: checking for a thread-safe mkdir -p
configure:8120: result: /usr/bin/mkdir -p
configure:8127: checking for gawk
configure:8143: found /usr/bin/gawk
configure:8154: result: gawk
configure:8165: checking whether make sets $(MAKE)
configure:8187: result: yes
configure:8209: checking whether make supports the include directive
configure:8224: make -f confmf.GNU && cat confinc.out
this is the am__doit target
configure:8227: $? = 0
configure:8246: result: yes (GNU style)
configure:8279: checking whether make supports nested variables
configure:8296: result: yes
configure:8385: checking whether UID '1000' is supported by ustar format
configure:8391: result: yes
configure:8398: checking whether GID '1000' is supported by ustar format
configure:8404: result: yes
configure:8412: checking how to create a ustar tar archive
configure:8423: tar --version
tar (GNU tar) 1.30
Copyright (C) 2017 Free Software Foundation, Inc.
License GPLv3+: GNU GPL version 3 or later <https://gnu.org/licenses/gpl.html>.
This is free software: you are free to change and redistribute it.
There is NO WARRANTY, to the extent permitted by law.

Written by John Gilmore and Jay Fenlason.
configure:8426: $? = 0
configure:8466: tardir=conftest.dir && eval tar --format=ustar -cf - "$tardir" >conftest.tar
configure:8469: $? = 0
configure:8473: tar -xf - <conftest.tar
configure:8476: $? = 0
configure:8478: cat conftest.dir/file
GrepMe
configure:8481: $? = 0
configure:8494: result: gnutar
configure:8503: checking dependency style of gcc
configure:8614: result: gcc3
configure:8721: checking for gcc
configure:8748: result: gcc
configure:8977: checking for C compiler version
configure:8986: gcc --version >&5
gcc (Ubuntu 9.4.0-1ubuntu1~20.04.1) 9.4.0
Copyright (C) 2019 Free Software Foundation, Inc.
This is free software; see the source for copying conditions.  There is NO
warranty; not even for MERCHANTABILITY or FITNESS FOR A PARTICULAR PURPOSE.

configure:8997: $? = 0
configure:8986: gcc -v >&5
Using built-in specs.
COLLECT_GCC=gcc
COLLECT_LTO_WRAPPER=/usr/lib/gcc/x86_64-linux-gnu/9/lto-wrapper
OFFLOAD_TARGET_NAMES=nvptx-none:hsa
OFFLOAD_TARGET_DEFAULT=1
Target: x86_64-linux-gnu
Configured with: ../src/configure -v --with-pkgversion='Ubuntu 9.4.0-1ubuntu1~20.04.1' --with-bugurl=file:///usr/share/doc/gcc-9/README.Bugs --enable-languages=c,ada,c++,go,brig,d,fortran,objc,obj-c++,gm2 --prefix=/usr --with-gcc-major-version-only --program-suffix=-9 --program-prefix=x86_64-linux-gnu- --enable-shared --enable-linker-build-id --libexecdir=/usr/lib --without-included-gettext --enable-threads=posix --libdir=/usr/lib --enable-nls --enable-clocale=gnu --enable-libstdcxx-debug --enable-libstdcxx-time=yes --with-default-libstdcxx-abi=new --enable-gnu-unique-object --disable-vtable-verify --enable-plugin --enable-default-pie --with-system-zlib --with-target-system-zlib=auto --enable-objc-gc=auto --enable-multiarch --disable-werror --with-arch-32=i686 --with-abi=m64 --with-multilib-list=m32,m64,mx32 --enable-multilib --with-tune=generic --enable-offload-targets=nvptx-none=/build/gcc-9-Av3uEd/gcc-9-9.4.0/debian/tmp-nvptx/usr,hsa --without-cuda-driver --enable-checking=release --build=x86_64-linux-gnu --host=x86_64-linux-gnu --target=x86_64-linux-gnu
Thread model: posix
gcc version 9.4.0 (Ubuntu 9.4.0-1ubuntu1~20.04.1) 
configure:8997: $? = 0
configure:8986: gcc -V >&5
gcc: error: unrecognized command line option '-V'
gcc: fatal error: no input files
compilation terminated.
configure:8997: $? = 1
configure:8986: gcc -qversion >&5
gcc: error: unrecognized command line option '-qversion'; did you mean '--version'?
gcc: fatal error: no input files
compilation terminated.
configure:8997: $? = 1
configure:9001: checking whether we are using the GNU C compiler
configure:9029: result: yes
configure:9038: checking whether gcc accepts -g
configure:9099: result: yes
configure:9116: checking for gcc option to accept ISO C89
configure:9192: result: none needed
configure:9217: checking whether gcc understands -c and -o together
configure:9254: result: yes
configure:9329: checking for g++
configure:9345: found /usr/bin/g++
configure:9356: result: g++
configure:9383: checking for C++ compiler version
configure:9392: g++ --version >&5
g++ (Ubuntu 9.4.0-1ubuntu1~20.04.1) 9.4.0
Copyright (C) 2019 Free Software Foundation, Inc.
This is free software; see the source for copying conditions.  There is NO
warranty; not even for MERCHANTABILITY or FITNESS FOR A PARTICULAR PURPOSE.

configure:9403: $? = 0
configure:9392: g++ -v >&5
Using built-in specs.
COLLECT_GCC=g++
COLLECT_LTO_WRAPPER=/usr/lib/gcc/x86_64-linux-gnu/9/lto-wrapper
OFFLOAD_TARGET_NAMES=nvptx-none:hsa
OFFLOAD_TARGET_DEFAULT=1
Target: x86_64-linux-gnu
Configured with: ../src/configure -v --with-pkgversion='Ubuntu 9.4.0-1ubuntu1~20.04.1' --with-bugurl=file:///usr/share/doc/gcc-9/README.Bugs --enable-languages=c,ada,c++,go,brig,d,fortran,objc,obj-c++,gm2 --prefix=/usr --with-gcc-major-version-only --program-suffix=-9 --program-prefix=x86_64-linux-gnu- --enable-shared --enable-linker-build-id --libexecdir=/usr/lib --without-included-gettext --enable-threads=posix --libdir=/usr/lib --enable-nls --enable-clocale=gnu --enable-libstdcxx-debug --enable-libstdcxx-time=yes --with-default-libstdcxx-abi=new --enable-gnu-unique-object --disable-vtable-verify --enable-plugin --enable-default-pie --with-system-zlib --with-target-system-zlib=auto --enable-objc-gc=auto --enable-multiarch --disable-werror --with-arch-32=i686 --with-abi=m64 --with-multilib-list=m32,m64,mx32 --enable-multilib --with-tune=generic --enable-offload-targets=nvptx-none=/build/gcc-9-Av3uEd/gcc-9-9.4.0/debian/tmp-nvptx/usr,hsa --without-cuda-driver --enable-checking=release --build=x86_64-linux-gnu --host=x86_64-linux-gnu --target=x86_64-linux-gnu
Thread model: posix
gcc version 9.4.0 (Ubuntu 9.4.0-1ubuntu1~20.04.1) 
configure:9403: $? = 0
configure:9392: g++ -V >&5
g++: error: unrecognized command line option '-V'
g++: fatal error: no input files
compilation terminated.
configure:9403: $? = 1
configure:9392: g++ -qversion >&5
g++: error: unrecognized command line option '-qversion'; did you mean '--version'?
g++: fatal error: no input files
compilation terminated.
configure:9403: $? = 1
configure:9407: checking whether we are using the GNU C++ compiler
configure:9426: g++ -c   conftest.cpp >&5
configure:9426: $? = 0
configure:9435: result: yes
configure:9444: checking whether g++ accepts -g
configure:9464: g++ -c -g  conftest.cpp >&5
configure:9464: $? = 0
configure:9505: result: yes
configure:9641: checking for C++ compiler version
configure:9650: g++ --version >&5
g++ (Ubuntu 9.4.0-1ubuntu1~20.04.1) 9.4.0
Copyright (C) 2019 Free Software Foundation, Inc.
This is free software; see the source for copying conditions.  There is NO
warranty; not even for MERCHANTABILITY or FITNESS FOR A PARTICULAR PURPOSE.

configure:9661: $? = 0
configure:9650: g++ -v >&5
Using built-in specs.
COLLECT_GCC=g++
COLLECT_LTO_WRAPPER=/usr/lib/gcc/x86_64-linux-gnu/9/lto-wrapper
OFFLOAD_TARGET_NAMES=nvptx-none:hsa
OFFLOAD_TARGET_DEFAULT=1
Target: x86_64-linux-gnu
Configured with: ../src/configure -v --with-pkgversion='Ubuntu 9.4.0-1ubuntu1~20.04.1' --with-bugurl=file:///usr/share/doc/gcc-9/README.Bugs --enable-languages=c,ada,c++,go,brig,d,fortran,objc,obj-c++,gm2 --prefix=/usr --with-gcc-major-version-only --program-suffix=-9 --program-prefix=x86_64-linux-gnu- --enable-shared --enable-linker-build-id --libexecdir=/usr/lib --without-included-gettext --enable-threads=posix --libdir=/usr/lib --enable-nls --enable-clocale=gnu --enable-libstdcxx-debug --enable-libstdcxx-time=yes --with-default-libstdcxx-abi=new --enable-gnu-unique-object --disable-vtable-verify --enable-plugin --enable-default-pie --with-system-zlib --with-target-system-zlib=auto --enable-objc-gc=auto --enable-multiarch --disable-werror --with-arch-32=i686 --with-abi=m64 --with-multilib-list=m32,m64,mx32 --enable-multilib --with-tune=generic --enable-offload-targets=nvptx-none=/build/gcc-9-Av3uEd/gcc-9-9.4.0/debian/tmp-nvptx/usr,hsa --without-cuda-driver --enable-checking=release --build=x86_64-linux-gnu --host=x86_64-linux-gnu --target=x86_64-linux-gnu
Thread model: posix
gcc version 9.4.0 (Ubuntu 9.4.0-1ubuntu1~20.04.1) 
configure:9661: $? = 0
configure:9650: g++ -V >&5
g++: error: unrecognized command line option '-V'
g++: fatal error: no input files
compilation terminated.
configure:9661: $? = 1
configure:9650: g++ -qversion >&5
g++: error: unrecognized command line option '-qversion'; did you mean '--version'?
g++: fatal error: no input files
compilation terminated.
configure:9661: $? = 1
configure:9665: checking whether we are using the GNU C++ compiler
configure:9693: result: yes
configure:9702: checking whether g++ accepts -g
configure:9763: result: yes
configure:9788: checking dependency style of g++
configure:9899: result: gcc3
configure:9922: checking how to run the C++ preprocessor
configure:9949: g++ -E  conftest.cpp
configure:9949: $? = 0
configure:9963: g++ -E  conftest.cpp
conftest.cpp:26:10: fatal error: ac_nonexistent.h: No such file or directory
   26 | #include <ac_nonexistent.h>
      |          ^~~~~~~~~~~~~~~~~~
compilation terminated.
configure:9963: $? = 1
configure: failed program was:
| /* confdefs.h */
| #define PACKAGE_NAME "SDL2_ttf"
| #define PACKAGE_TARNAME "SDL2_ttf"
| #define PACKAGE_VERSION "2.20.2"
| #define PACKAGE_STRING "SDL2_ttf 2.20.2"
| #define PACKAGE_BUGREPORT "https://github.com/libsdl-org/SDL_ttf/issues"
| #define PACKAGE_URL ""
| #define STDC_HEADERS 1
| #define HAVE_SYS_TYPES_H 1
| #define HAVE_SYS_STAT_H 1
| #define HAVE_STDLIB_H 1
| #define HAVE_STRING_H 1
| #define HAVE_MEMORY_H 1
| #define HAVE_STRINGS_H 1
| #define HAVE_INTTYPES_H 1
| #define HAVE_STDINT_H 1
| #define HAVE_UNISTD_H 1
| #define HAVE_DLFCN_H 1
| #define LT_OBJDIR ".libs/"
| #define SDL_BUILD_MAJOR_VERSION 2
| #define SDL_BUILD_MINOR_VERSION 20
| #define SDL_BUILD_MICRO_VERSION 2
| #define PACKAGE "SDL2_ttf"
| #define VERSION "2.20.2"
| /* end confdefs.h.  */
| #include <ac_nonexistent.h>
configure:9988: result: g++ -E
configure:10008: g++ -E  conftest.cpp
configure:10008: $? = 0
configure:10022: g++ -E  conftest.cpp
conftest.cpp:26:10: fatal error: ac_nonexistent.h: No such file or directory
   26 | #include <ac_nonexistent.h>
      |          ^~~~~~~~~~~~~~~~~~
compilation terminated.
configure:10022: $? = 1
configure: failed program was:
| /* confdefs.h */
| #define PACKAGE_NAME "SDL2_ttf"
| #define PACKAGE_TARNAME "SDL2_ttf"
| #define PACKAGE_VERSION "2.20.2"
| #define PACKAGE_STRING "SDL2_ttf 2.20.2"
| #define PACKAGE_BUGREPORT "https://github.com/libsdl-org/SDL_ttf/issues"
| #define PACKAGE_URL ""
| #define STDC_HEADERS 1
| #define HAVE_SYS_TYPES_H 1
| #define HAVE_SYS_STAT_H 1
| #define HAVE_STDLIB_H 1
| #define HAVE_STRING_H 1
| #define HAVE_MEMORY_H 1
| #define HAVE_STRINGS_H 1
| #define HAVE_INTTYPES_H 1
| #define HAVE_STDINT_H 1
| #define HAVE_UNISTD_H 1
| #define HAVE_DLFCN_H 1
| #define LT_OBJDIR ".libs/"
| #define SDL_BUILD_MAJOR_VERSION 2
| #define SDL_BUILD_MINOR_VERSION 20
| #define SDL_BUILD_MICRO_VERSION 2
| #define PACKAGE "SDL2_ttf"
| #define VERSION "2.20.2"
| /* end confdefs.h.  */
| #include <ac_nonexistent.h>
configure:10190: checking for ld used by g++
configure:10257: result: /usr/bin/ld -m elf_x86_64
configure:10264: checking if the linker (/usr/bin/ld -m elf_x86_64) is GNU ld
configure:10279: result: yes
configure:10334: checking whether the g++ linker (/usr/bin/ld -m elf_x86_64) supports shared libraries
configure:11275: result: yes
configure:11303: g++ -c -g -O2  conftest.cpp >&5
configure:11306: $? = 0
configure:11488: checking for g++ option to produce PIC
configure:11810: result: -fPIC -DPIC
configure:11819: checking if g++ PIC flag -fPIC -DPIC works
configure:14662: g++ -c -g -O2  -fPIC -DPIC -DPIC conftest.cpp >&5
configure:14666: $? = 0
configure:11854: result: yes
configure:11875: checking if g++ static flag -static works
configure:11903: result: yes
configure:11915: checking if g++ supports -c -o file.o
configure:14761: g++ -c -g -O2  -o out/conftest2.o conftest.cpp >&5
configure:14765: $? = 0
configure:11962: result: yes
configure:11967: checking if g++ supports -c -o file.o
configure:12014: result: yes
configure:12044: checking whether the g++ linker (/usr/bin/ld -m elf_x86_64) supports shared libraries
configure:12070: result: yes
configure:12207: checking dynamic linker characteristics
configure:12586: g++ -o conftest -g -O2   -Wl,-rpath -Wl,/foo conftest.cpp  >&5
configure:12586: $? = 0
configure:12829: result: GNU/Linux ld.so
configure:12880: checking how to hardcode library paths into programs
configure:12905: result: immediate
configure:11948: checking dependency style of g++
configure:12059: result: gcc3
configure:12117: checking for windres
configure:12147: result: no
configure:12173: checking for special C compiler options needed for large files
configure:12218: result: no
configure:12224: checking for _FILE_OFFSET_BITS value needed for large files
configure:12249: gcc -c -g -O2  conftest.c >&5
configure:12249: $? = 0
configure:12281: result: no
configure:12367: checking whether make sets $(MAKE)
configure:12389: result: yes
configure:12492: checking for pkg-config
configure:12510: found /usr/bin/pkg-config
configure:12522: result: /usr/bin/pkg-config
configure:12547: checking pkg-config is at least version 0.9.0
configure:12550: result: yes
configure:12587: checking for sdl2 >= 2.0.10
configure:12594: $PKG_CONFIG --exists --print-errors "sdl2 >= $min_sdl_version"
configure:12597: $? = 0
configure:12611: $PKG_CONFIG --exists --print-errors "sdl2 >= $min_sdl_version"
configure:12614: $? = 0
configure:12652: result: yes
configure:12917: checking for GCC -Wall option
configure:12934: gcc -c -g -O2 -D_REENTRANT -I/usr/local/include -I/usr/local/include/SDL2 -Wall  conftest.c >&5
configure:12934: $? = 0
configure:12938: result: yes
configure:12946: checking for necessary GCC -Wno-multichar option
configure:12954: result: no
configure:12965: checking for GCC -fvisibility=hidden option
configure:12994: gcc -c -g -O2 -D_REENTRANT -I/usr/local/include -I/usr/local/include/SDL2 -Wall -fvisibility=hidden -Werror  conftest.c >&5
configure:12994: $? = 0
configure:12998: result: yes
configure:13767: checking whether g++ supports C++11 features by default
configure:14063: g++ -c -g -O2 -Wall -fvisibility=hidden  conftest.cpp >&5
configure:14063: $? = 0
configure:14070: result: yes
configure:14752: checking alignment of struct{char;}
configure:14757: gcc -o conftest -g -O2 -D_REENTRANT -I/usr/local/include -I/usr/local/include/SDL2 -Wall -fvisibility=hidden   conftest.c  -L/usr/local/lib -Wl,-rpath,/usr/local/lib -Wl,--enable-new-dtags -lSDL2 >&5
conftest.c:64:37: warning: declaration does not declare anything
   64 | typedef struct { char x; struct{char;} y; } ac__type_alignof_;
      |                                     ^
configure:14757: $? = 0
configure:14757: ./conftest
configure:14757: $? = 0
configure:14775: result: 1
configure:12882: checking for linker option --no-undefined
configure:12902: gcc -o conftest -g -O2 -D_REENTRANT -I/usr/local/include -I/usr/local/include/SDL2 -Wall -fvisibility=hidden   -Wl,--no-undefined conftest.c  -L/usr/local/lib -Wl,-rpath,/usr/local/lib -Wl,--enable-new-dtags -lSDL2 >&5
configure:12902: $? = 0
configure:12911: result: yes
configure:14972: checking for X
configure:15080: gcc -E  conftest.c
configure:15080: $? = 0
configure:15111: gcc -o conftest -g -O2 -D_REENTRANT -I/usr/local/include -I/usr/local/include/SDL2 -Wall -fvisibility=hidden   -Wl,--no-undefined conftest.c -lX11  -L/usr/local/lib -Wl,-rpath,/usr/local/lib -Wl,--enable-new-dtags -lSDL2 >&5
configure:15111: $? = 0
configure:15161: result: libraries , headers 
configure:15260: gcc -o conftest -g -O2 -D_REENTRANT -I/usr/local/include -I/usr/local/include/SDL2 -Wall -fvisibility=hidden   -Wl,--no-undefined conftest.c  -L/usr/local/lib -Wl,-rpath,/usr/local/lib -Wl,--enable-new-dtags -lSDL2  -lX11 >&5
configure:15260: $? = 0
configure:15358: checking for gethostbyname
configure:15358: gcc -o conftest -g -O2 -D_REENTRANT -I/usr/local/include -I/usr/local/include/SDL2 -Wall -fvisibility=hidden   -Wl,--no-undefined conftest.c  -L/usr/local/lib -Wl,-rpath,/usr/local/lib -Wl,--enable-new-dtags -lSDL2 >&5
configure:15358: $? = 0
configure:15358: result: yes
configure:15455: checking for connect
configure:15455: gcc -o conftest -g -O2 -D_REENTRANT -I/usr/local/include -I/usr/local/include/SDL2 -Wall -fvisibility=hidden   -Wl,--no-undefined conftest.c  -L/usr/local/lib -Wl,-rpath,/usr/local/lib -Wl,--enable-new-dtags -lSDL2 >&5
configure:15455: $? = 0
configure:15455: result: yes
configure:15504: checking for remove
configure:15504: gcc -o conftest -g -O2 -D_REENTRANT -I/usr/local/include -I/usr/local/include/SDL2 -Wall -fvisibility=hidden   -Wl,--no-undefined conftest.c  -L/usr/local/lib -Wl,-rpath,/usr/local/lib -Wl,--enable-new-dtags -lSDL2 >&5
configure:15504: $? = 0
configure:15504: result: yes
configure:15553: checking for shmat
configure:15553: gcc -o conftest -g -O2 -D_REENTRANT -I/usr/local/include -I/usr/local/include/SDL2 -Wall -fvisibility=hidden   -Wl,--no-undefined conftest.c  -L/usr/local/lib -Wl,-rpath,/usr/local/lib -Wl,--enable-new-dtags -lSDL2 >&5
configure:15553: $? = 0
configure:15553: result: yes
configure:15611: checking for IceConnectionNumber in -lICE
configure:15636: gcc -o conftest -g -O2 -D_REENTRANT -I/usr/local/include -I/usr/local/include/SDL2 -Wall -fvisibility=hidden   -Wl,--no-undefined conftest.c -lICE   -L/usr/local/lib -Wl,-rpath,/usr/local/lib -Wl,--enable-new-dtags -lSDL2 >&5
/usr/bin/ld: cannot find -lICE
collect2: error: ld returned 1 exit status
configure:15636: $? = 1
configure: failed program was:
| /* confdefs.h */
| #define PACKAGE_NAME "SDL2_ttf"
| #define PACKAGE_TARNAME "SDL2_ttf"
| #define PACKAGE_VERSION "2.20.2"
| #define PACKAGE_STRING "SDL2_ttf 2.20.2"
| #define PACKAGE_BUGREPORT "https://github.com/libsdl-org/SDL_ttf/issues"
| #define PACKAGE_URL ""
| #define STDC_HEADERS 1
| #define HAVE_SYS_TYPES_H 1
| #define HAVE_SYS_STAT_H 1
| #define HAVE_STDLIB_H 1
| #define HAVE_STRING_H 1
| #define HAVE_MEMORY_H 1
| #define HAVE_STRINGS_H 1
| #define HAVE_INTTYPES_H 1
| #define HAVE_STDINT_H 1
| #define HAVE_UNISTD_H 1
| #define HAVE_DLFCN_H 1
| #define LT_OBJDIR ".libs/"
| #define SDL_BUILD_MAJOR_VERSION 2
| #define SDL_BUILD_MINOR_VERSION 20
| #define SDL_BUILD_MICRO_VERSION 2
| #define PACKAGE "SDL2_ttf"
| #define VERSION "2.20.2"
| #define TTF_USE_HARFBUZZ 1
| #define HAVE_CXX11 1
| #define ALIGNOF_STRUCT_CHAR__ 1
| /* end confdefs.h.  */
| 
| /* Override any GCC internal prototype to avoid an error.
|    Use char because int might match the return type of a GCC
|    builtin and then its argument prototype would still apply.  */
| #ifdef __cplusplus
| extern "C"
| #endif
| char IceConnectionNumber ();
| int
| main ()
| {
| return IceConnectionNumber ();
|   ;
|   return 0;
| }
configure:15645: result: no
configure:15663: checking for OpenGL support
configure:15683: gcc -o conftest -g -O2 -D_REENTRANT -I/usr/local/include -I/usr/local/include/SDL2 -Wall -fvisibility=hidden    -Wl,--no-undefined conftest.c  -L/usr/local/lib -Wl,-rpath,/usr/local/lib -Wl,--enable-new-dtags -lSDL2  -lGL >&5
configure:15683: $? = 0
configure:15688: result: yes
configure:15942: checking that generated files are newer than configure
configure:15948: result: done
configure:15995: creating ./config.status

## ---------------------- ##
## Running config.status. ##
## ---------------------- ##

This file was extended by SDL2_ttf config.status 2.20.2, which was
generated by GNU Autoconf 2.69.  Invocation command line was

  CONFIG_FILES    = 
  CONFIG_HEADERS  = 
  CONFIG_LINKS    = 
  CONFIG_COMMANDS = 
  $ ./config.status 

on Bean-Machine

config.status:1101: creating Makefile
config.status:1101: creating sdl2_ttf-config.cmake
config.status:1101: creating sdl2_ttf-config-version.cmake
config.status:1101: creating SDL2_ttf.spec
config.status:1101: creating SDL2_ttf.pc
config.status:1273: executing libtool commands
config.status:1273: executing depfiles commands
config.status:2158: cd .       && sed -e '/# am--include-marker/d' Makefile         | make -f - am--depfiles
config.status:2163: $? = 0
config.status:1273: executing summary commands

## ---------------- ##
## Cache variables. ##
## ---------------- ##

ac_cv_alignof_struct_char__=1
ac_cv_build=x86_64-pc-linux-gnu
ac_cv_c_compiler_gnu=yes
ac_cv_cxx_compiler_gnu=yes
ac_cv_env_CCC_set=
ac_cv_env_CCC_value=
ac_cv_env_CC_set=
ac_cv_env_CC_value=
ac_cv_env_CFLAGS_set=
ac_cv_env_CFLAGS_value=
ac_cv_env_CPPFLAGS_set=
ac_cv_env_CPPFLAGS_value=
ac_cv_env_CPP_set=
ac_cv_env_CPP_value=
ac_cv_env_CXXCPP_set=
ac_cv_env_CXXCPP_value=
ac_cv_env_CXXFLAGS_set=
ac_cv_env_CXXFLAGS_value=
ac_cv_env_CXX_set=
ac_cv_env_CXX_value=
ac_cv_env_FT2_CFLAGS_set=
ac_cv_env_FT2_CFLAGS_value=
ac_cv_env_FT2_LIBS_set=
ac_cv_env_FT2_LIBS_value=
ac_cv_env_HB_CFLAGS_set=
ac_cv_env_HB_CFLAGS_value=
ac_cv_env_HB_LIBS_set=
ac_cv_env_HB_LIBS_value=
ac_cv_env_LDFLAGS_set=
ac_cv_env_LDFLAGS_value=
ac_cv_env_LIBS_set=
ac_cv_env_LIBS_value=
ac_cv_env_PKG_CONFIG_LIBDIR_set=
ac_cv_env_PKG_CONFIG_LIBDIR_value=
ac_cv_env_PKG_CONFIG_PATH_set=
ac_cv_env_PKG_CONFIG_PATH_value=
ac_cv_env_PKG_CONFIG_set=
ac_cv_env_PKG_CONFIG_value=
ac_cv_env_SDL_CFLAGS_set=
ac_cv_env_SDL_CFLAGS_value=
ac_cv_env_SDL_LIBS_set=
ac_cv_env_SDL_LIBS_value=
ac_cv_env_XMKMF_set=
ac_cv_env_XMKMF_value=
ac_cv_env_build_alias_set=
ac_cv_env_build_alias_value=
ac_cv_env_host_alias_set=
ac_cv_env_host_alias_value=
ac_cv_env_target_alias_set=
ac_cv_env_target_alias_value=
ac_cv_func_connect=yes
ac_cv_func_gethostbyname=yes
ac_cv_func_remove=yes
ac_cv_func_shmat=yes
ac_cv_have_x='have_x=yes	ac_x_includes='\'''\''	ac_x_libraries='\'''\'''
ac_cv_header_dlfcn_h=yes
ac_cv_header_inttypes_h=yes
ac_cv_header_memory_h=yes
ac_cv_header_stdc=yes
ac_cv_header_stdint_h=yes
ac_cv_header_stdlib_h=yes
ac_cv_header_string_h=yes
ac_cv_header_strings_h=yes
ac_cv_header_sys_stat_h=yes
ac_cv_header_sys_types_h=yes
ac_cv_header_unistd_h=yes
ac_cv_host=x86_64-pc-linux-gnu
ac_cv_lib_ICE_IceConnectionNumber=no
ac_cv_objext=o
ac_cv_path_EGREP='/usr/bin/grep -E'
ac_cv_path_FGREP='/usr/bin/grep -F'
ac_cv_path_GREP=/usr/bin/grep
ac_cv_path_SED=/usr/bin/sed
ac_cv_path_ac_pt_PKG_CONFIG=/usr/bin/pkg-config
ac_cv_path_install='/usr/bin/install -c'
ac_cv_path_mkdir=/usr/bin/mkdir
ac_cv_prog_AWK=gawk
ac_cv_prog_CPP='gcc -E'
ac_cv_prog_CXXCPP='g++ -E'
ac_cv_prog_ac_ct_AR=ar
ac_cv_prog_ac_ct_CC=gcc
ac_cv_prog_ac_ct_CXX=g++
ac_cv_prog_ac_ct_OBJDUMP=objdump
ac_cv_prog_ac_ct_RANLIB=ranlib
ac_cv_prog_ac_ct_STRIP=strip
ac_cv_prog_cc_c89=
ac_cv_prog_cc_g=yes
ac_cv_prog_cxx_g=yes
ac_cv_prog_make_make_set=yes
ac_cv_sys_file_offset_bits=no
ac_cv_sys_largefile_CC=no
am_cv_CC_dependencies_compiler_type=gcc3
am_cv_CXX_dependencies_compiler_type=gcc3
am_cv_make_support_nested_variables=yes
am_cv_prog_cc_c_o=yes
am_cv_prog_tar_ustar=gnutar
ax_cv_cxx_compile_cxx11=yes
lt_cv_deplibs_check_method=pass_all
lt_cv_file_magic_cmd='$MAGIC_CMD'
lt_cv_file_magic_test_file=
lt_cv_ld_reload_flag=-r
lt_cv_nm_interface='BSD nm'
lt_cv_objdir=.libs
lt_cv_path_LD=/usr/bin/ld
lt_cv_path_LDCXX='/usr/bin/ld -m elf_x86_64'
lt_cv_path_NM='/usr/bin/nm -B'
lt_cv_prog_compiler_c_o=yes
lt_cv_prog_compiler_c_o_CXX=yes
lt_cv_prog_compiler_pic_works=yes
lt_cv_prog_compiler_pic_works_CXX=yes
lt_cv_prog_compiler_rtti_exceptions=no
lt_cv_prog_compiler_static_works=yes
lt_cv_prog_compiler_static_works_CXX=yes
lt_cv_prog_gnu_ld=yes
lt_cv_prog_gnu_ldcxx=yes
lt_cv_sys_global_symbol_pipe='sed -n -e '\''s/^.*[	 ]\([ABCDGIRSTW][ABCDGIRSTW]*\)[	 ][	 ]*\([_A-Za-z][_A-Za-z0-9]*\)$/\1 \2 \2/p'\'''
lt_cv_sys_global_symbol_to_c_name_address='sed -n -e '\''s/^: \([^ ]*\) $/  {\"\1\", (void *) 0},/p'\'' -e '\''s/^[ABCDGIRSTW]* \([^ ]*\) \([^ ]*\)$/  {"\2", (void *) \&\2},/p'\'''
lt_cv_sys_global_symbol_to_c_name_address_lib_prefix='sed -n -e '\''s/^: \([^ ]*\) $/  {\"\1\", (void *) 0},/p'\'' -e '\''s/^[ABCDGIRSTW]* \([^ ]*\) \(lib[^ ]*\)$/  {"\2", (void *) \&\2},/p'\'' -e '\''s/^[ABCDGIRSTW]* \([^ ]*\) \([^ ]*\)$/  {"lib\2", (void *) \&\2},/p'\'''
lt_cv_sys_global_symbol_to_cdecl='sed -n -e '\''s/^T .* \(.*\)$/extern int \1();/p'\'' -e '\''s/^[ABCDGIRSTW]* .* \(.*\)$/extern char \1;/p'\'''
lt_cv_sys_max_cmd_len=1572864
pkg_cv_SDL_CFLAGS='-D_REENTRANT -I/usr/local/include -I/usr/local/include/SDL2'
pkg_cv_SDL_LIBS='-L/usr/local/lib -Wl,-rpath,/usr/local/lib -Wl,--enable-new-dtags -lSDL2'

## ----------------- ##
## Output variables. ##
## ----------------- ##

ACLOCAL='${SHELL} /home/ubuntu/side-projects/slides/SDL2_ttf-2.20.2/missing aclocal-1.16'
AMDEPBACKSLASH='\'
AMDEP_FALSE='#'
AMDEP_TRUE=''
AMTAR='$${TAR-tar}'
AM_BACKSLASH='\'
AM_DEFAULT_V='$(AM_DEFAULT_VERBOSITY)'
AM_DEFAULT_VERBOSITY='1'
AM_V='$(V)'
AR='ar'
AS='as'
AUTOCONF='${SHELL} /home/ubuntu/side-projects/slides/SDL2_ttf-2.20.2/missing autoconf'
AUTOHEADER='${SHELL} /home/ubuntu/side-projects/slides/SDL2_ttf-2.20.2/missing autoheader'
AUTOMAKE='${SHELL} /home/ubuntu/side-projects/slides/SDL2_ttf-2.20.2/missing automake-1.16'
AWK='gawk'
CC='gcc'
CCDEPMODE='depmode=gcc3'
CFLAGS='-g -O2 -D_REENTRANT -I/usr/local/include -I/usr/local/include/SDL2 -Wall -fvisibility=hidden  -DHAVE_OPENGL'
CPP='gcc -E'
CPPFLAGS=''
CXX='g++'
CXXCPP='g++ -E'
CXXDEPMODE='depmode=gcc3'
CXXFLAGS='-g -O2 -Wall -fvisibility=hidden -Wno-unused-result -fno-rtti -fno-exceptions -fno-threadsafe-statics'
CYGPATH_W='echo'
DEFS='-DPACKAGE_NAME=\"SDL2_ttf\" -DPACKAGE_TARNAME=\"SDL2_ttf\" -DPACKAGE_VERSION=\"2.20.2\" -DPACKAGE_STRING=\"SDL2_ttf\ 2.20.2\" -DPACKAGE_BUGREPORT=\"https://github.com/libsdl-org/SDL_ttf/issues\" -DPACKAGE_URL=\"\" -DSTDC_HEADERS=1 -DHAVE_SYS_TYPES_H=1 -DHAVE_SYS_STAT_H=1 -DHAVE_STDLIB_H=1 -DHAVE_STRING_H=1 -DHAVE_MEMORY_H=1 -DHAVE_STRINGS_H=1 -DHAVE_INTTYPES_H=1 -DHAVE_STDINT_H=1 -DHAVE_UNISTD_H=1 -DHAVE_DLFCN_H=1 -DLT_OBJDIR=\".libs/\" -DSDL_BUILD_MAJOR_VERSION=2 -DSDL_BUILD_MINOR_VERSION=20 -DSDL_BUILD_MICRO_VERSION=2 -DPACKAGE=\"SDL2_ttf\" -DVERSION=\"2.20.2\" -DTTF_USE_HARFBUZZ=1 -DHAVE_CXX11=1 -DALIGNOF_STRUCT_CHAR__=1'
DEPDIR='.deps'
DLLTOOL='dlltool'
DSYMUTIL=''
DUMPBIN=''
ECHO_C=''
ECHO_N='-n'
ECHO_T=''
EGREP='/usr/bin/grep -E'
EXEEXT=''
FGREP='/usr/bin/grep -F'
FT2_CFLAGS=''
FT2_CONFIG=''
FT2_LIBS=''
GL_LIBS=' -lGL'
GREP='/usr/bin/grep'
HAVE_CXX11='1'
HB_CFLAGS=''
HB_LIBS=''
INSTALL_DATA='${INSTALL} -m 644'
INSTALL_PROGRAM='${INSTALL}'
INSTALL_SCRIPT='${INSTALL}'
INSTALL_STRIP_PROGRAM='$(install_sh) -c -s'
LD='/usr/bin/ld -m elf_x86_64'
LDFLAGS=' -Wl,--no-undefined'
LIBOBJS=''
LIBS=' -L/usr/local/lib -Wl,-rpath,/usr/local/lib -Wl,--enable-new-dtags -lSDL2'
LIBTOOL='$(SHELL) $(top_builddir)/libtool'
LIPO=''
LN_S='ln -s'
LTLIBOBJS=''
LT_AGE='2000'
LT_CURRENT='2000'
LT_EXTRA=''
LT_RELEASE='2.0'
LT_REVISION='2'
MAJOR_VERSION='2'
MAKEINFO='${SHELL} /home/ubuntu/side-projects/slides/SDL2_ttf-2.20.2/missing makeinfo'
MATHLIB='-lm'
MICRO_VERSION='2'
MINOR_VERSION='20'
MKDIR_P='/usr/bin/mkdir -p'
NM='/usr/bin/nm -B'
NMEDIT=''
OBJDUMP='objdump'
OBJEXT='o'
OS_WIN32_FALSE=''
OS_WIN32_TRUE='#'
OTOOL64=''
OTOOL=''
PACKAGE='SDL2_ttf'
PACKAGE_BUGREPORT='https://github.com/libsdl-org/SDL_ttf/issues'
PACKAGE_NAME='SDL2_ttf'
PACKAGE_STRING='SDL2_ttf 2.20.2'
PACKAGE_TARNAME='SDL2_ttf'
PACKAGE_URL=''
PACKAGE_VERSION='2.20.2'
PATH_SEPARATOR=':'
PC_LIBS=''
PC_REQUIRES=''
PKG_CONFIG='/usr/bin/pkg-config'
PKG_CONFIG_LIBDIR=''
PKG_CONFIG_PATH=''
RANLIB='ranlib'
RC=':'
SDL2TTF_VENDORED='1'
SDL2_CONFIG='pkg-config sdl2'
SDL_CFLAGS='-D_REENTRANT -I/usr/local/include -I/usr/local/include/SDL2'
SDL_LIBS='-L/usr/local/lib -Wl,-rpath,/usr/local/lib -Wl,--enable-new-dtags -lSDL2'
SDL_VERSION='2.0.10'
SED='/usr/bin/sed'
SET_MAKE=''
SHELL='/bin/bash'
STRIP='strip'
TTF_CFLAGS=''
TTF_LIBS=''
TTF_USE_HARFBUZZ='1'
USE_BUILTIN_FREETYPE_FALSE='#'
USE_BUILTIN_FREETYPE_TRUE=''
USE_BUILTIN_HARFBUZZ_FALSE='#'
USE_BUILTIN_HARFBUZZ_TRUE=''
USE_VERSION_RC_FALSE=''
USE_VERSION_RC_TRUE='#'
VERSION='2.20.2'
XMKMF=''
X_CFLAGS=''
X_EXTRA_LIBS=''
X_LIBS=''
X_PRE_LIBS=''
ac_ct_CC='gcc'
ac_ct_CXX='g++'
ac_ct_DUMPBIN=''
am__EXEEXT_FALSE=''
am__EXEEXT_TRUE='#'
am__fastdepCC_FALSE='#'
am__fastdepCC_TRUE=''
am__fastdepCXX_FALSE='#'
am__fastdepCXX_TRUE=''
am__include='include'
am__isrc=''
am__leading_dot='.'
am__nodep='_no'
am__quote=''
am__tar='tar --format=ustar -cf - "$$tardir"'
am__untar='tar -xf -'
bindir='${exec_prefix}/bin'
build='x86_64-pc-linux-gnu'
build_alias=''
build_cpu='x86_64'
build_os='linux-gnu'
build_vendor='pc'
cmake_prefix_relpath='../../..'
datadir='${datarootdir}'
datarootdir='${prefix}/share'
docdir='${datarootdir}/doc/${PACKAGE_TARNAME}'
dvidir='${docdir}'
exec_prefix='${prefix}'
host='x86_64-pc-linux-gnu'
host_alias=''
host_cpu='x86_64'
host_os='linux-gnu'
host_vendor='pc'
htmldir='${docdir}'
includedir='${prefix}/include'
infodir='${datarootdir}/info'
install_sh='${SHELL} /home/ubuntu/side-projects/slides/SDL2_ttf-2.20.2/install-sh'
libdir='${exec_prefix}/lib'
libexecdir='${exec_prefix}/libexec'
localedir='${datarootdir}/locale'
localstatedir='${prefix}/var'
lt_ECHO='echo'
mandir='${datarootdir}/man'
mkdir_p='$(MKDIR_P)'
oldincludedir='/usr/include'
pdfdir='${docdir}'
prefix='/usr/local'
program_transform_name='s,x,x,'
psdir='${docdir}'
runstatedir='${localstatedir}/run'
sbindir='${exec_prefix}/sbin'
sharedstatedir='${prefix}/com'
sysconfdir='${prefix}/etc'
target_alias=''

## ----------- ##
## confdefs.h. ##
## ----------- ##

/* confdefs.h */
#define PACKAGE_NAME "SDL2_ttf"
#define PACKAGE_TARNAME "SDL2_ttf"
#define PACKAGE_VERSION "2.20.2"
#define PACKAGE_STRING "SDL2_ttf 2.20.2"
#define PACKAGE_BUGREPORT "https://github.com/libsdl-org/SDL_ttf/issues"
#define PACKAGE_URL ""
#define STDC_HEADERS 1
#define HAVE_SYS_TYPES_H 1
#define HAVE_SYS_STAT_H 1
#define HAVE_STDLIB_H 1
#define HAVE_STRING_H 1
#define HAVE_MEMORY_H 1
#define HAVE_STRINGS_H 1
#define HAVE_INTTYPES_H 1
#define HAVE_STDINT_H 1
#define HAVE_UNISTD_H 1
#define HAVE_DLFCN_H 1
#define LT_OBJDIR ".libs/"
#define SDL_BUILD_MAJOR_VERSION 2
#define SDL_BUILD_MINOR_VERSION 20
#define SDL_BUILD_MICRO_VERSION 2
#define PACKAGE "SDL2_ttf"
#define VERSION "2.20.2"
#define TTF_USE_HARFBUZZ 1
#define HAVE_CXX11 1
#define ALIGNOF_STRUCT_CHAR__ 1

configure: exit 0
